MIF/HEX Update report for loopback
Thu Dec 07 10:09:43 2017
Quartus Prime Version 16.1.0 Build 196 10/24/2016 SJ Lite Edition


---------------------
; Table of Contents ;
---------------------
  1. Legal Notice
  2. MIF/HEX Update Summary
  3. MIF/HEX Update Processed Files
  4. MIF/HEX Update Messages



----------------
; Legal Notice ;
----------------
Copyright (C) 2016  Intel Corporation. All rights reserved.
Your use of Intel Corporation's design tools, logic functions 
and other software and tools, and its AMPP partner logic 
functions, and any output files from any of the foregoing 
(including device programming or simulation files), and any 
associated documentation or information are expressly subject 
to the terms and conditions of the Intel Program License 
Subscription Agreement, the Intel Quartus Prime License Agreement,
the Intel MegaCore Function License Agreement, or other 
applicable license agreement, including, without limitation, 
that your use is for the sole purpose of programming logic 
devices manufactured by Intel and sold by Intel or its 
authorized distributors.  Please refer to the applicable 
agreement for further details.



+---------------------------------------------------------------+
; MIF/HEX Update Summary                                        ;
+-----------------------+---------------------------------------+
; MIF/HEX Update Status ; Successful - Thu Dec 07 10:09:43 2017 ;
; Revision Name         ; loopback                              ;
; Top-level Entity Name ; loopback                              ;
; Family                ; Cyclone IV E                          ;
; Device                ; EP4CE30F23C7                          ;
+-----------------------+---------------------------------------+


+--------------------------------------------------------------+
; MIF/HEX Update Processed Files                               ;
+--------------------------------------------------------------+
; File Name                                                    ;
+--------------------------------------------------------------+
; C:/intelFPGA_lite/16.1/Loopback/unsaved_onchip_memory2_0.hex ;
+--------------------------------------------------------------+


+-------------------------+
; MIF/HEX Update Messages ;
+-------------------------+
Info: *******************************************************************
Info: Running Quartus Prime MIF/HEX Update
    Info: Version 16.1.0 Build 196 10/24/2016 SJ Lite Edition
    Info: Processing started: Thu Dec 07 10:09:38 2017
Info: Command: quartus_cdb loopback -c loopback --update_mif
Warning (18236): Number of processors has not been specified which may cause overloading on shared machines.  Set the global assignment NUM_PARALLEL_PROCESSORS in your QSF to an appropriate value for best performance.
Warning (113015): Width of data items in "unsaved_onchip_memory2_0.hex" is greater than the memory width. Wrapping data items to subsequent addresses. Found 128 warnings, reporting 10 File: C:/intelFPGA_lite/16.1/Loopback/unsaved_onchip_memory2_0.hex Line: 1
    Warning (113009): Data at line (2) of memory initialization file "unsaved_onchip_memory2_0.hex" is too wide to fit in one memory word. Wrapping data to subsequent addresses. File: C:/intelFPGA_lite/16.1/Loopback/unsaved_onchip_memory2_0.hex Line: 2
    Warning (113009): Data at line (3) of memory initialization file "unsaved_onchip_memory2_0.hex" is too wide to fit in one memory word. Wrapping data to subsequent addresses. File: C:/intelFPGA_lite/16.1/Loopback/unsaved_onchip_memory2_0.hex Line: 3
    Warning (113009): Data at line (4) of memory initialization file "unsaved_onchip_memory2_0.hex" is too wide to fit in one memory word. Wrapping data to subsequent addresses. File: C:/intelFPGA_lite/16.1/Loopback/unsaved_onchip_memory2_0.hex Line: 4
    Warning (113009): Data at line (5) of memory initialization file "unsaved_onchip_memory2_0.hex" is too wide to fit in one memory word. Wrapping data to subsequent addresses. File: C:/intelFPGA_lite/16.1/Loopback/unsaved_onchip_memory2_0.hex Line: 5
    Warning (113009): Data at line (6) of memory initialization file "unsaved_onchip_memory2_0.hex" is too wide to fit in one memory word. Wrapping data to subsequent addresses. File: C:/intelFPGA_lite/16.1/Loopback/unsaved_onchip_memory2_0.hex Line: 6
    Warning (113009): Data at line (7) of memory initialization file "unsaved_onchip_memory2_0.hex" is too wide to fit in one memory word. Wrapping data to subsequent addresses. File: C:/intelFPGA_lite/16.1/Loopback/unsaved_onchip_memory2_0.hex Line: 7
    Warning (113009): Data at line (8) of memory initialization file "unsaved_onchip_memory2_0.hex" is too wide to fit in one memory word. Wrapping data to subsequent addresses. File: C:/intelFPGA_lite/16.1/Loopback/unsaved_onchip_memory2_0.hex Line: 8
    Warning (113009): Data at line (9) of memory initialization file "unsaved_onchip_memory2_0.hex" is too wide to fit in one memory word. Wrapping data to subsequent addresses. File: C:/intelFPGA_lite/16.1/Loopback/unsaved_onchip_memory2_0.hex Line: 9
    Warning (113009): Data at line (10) of memory initialization file "unsaved_onchip_memory2_0.hex" is too wide to fit in one memory word. Wrapping data to subsequent addresses. File: C:/intelFPGA_lite/16.1/Loopback/unsaved_onchip_memory2_0.hex Line: 10
    Warning (113009): Data at line (11) of memory initialization file "unsaved_onchip_memory2_0.hex" is too wide to fit in one memory word. Wrapping data to subsequent addresses. File: C:/intelFPGA_lite/16.1/Loopback/unsaved_onchip_memory2_0.hex Line: 11
Critical Warning (127005): Memory depth (6144) in the design file differs from memory depth (1024) in the Memory Initialization File "C:/intelFPGA_lite/16.1/Loopback/unsaved_onchip_memory2_0.hex" -- setting initial value for remaining addresses to 0
Info (39024): Processed the following Memory Initialization File(s)
    Info (39025): Processed Memory Initialization File C:/intelFPGA_lite/16.1/Loopback/unsaved_onchip_memory2_0.hex File: C:/intelFPGA_lite/16.1/Loopback/unsaved_onchip_memory2_0.hex Line: 0
Info: Quartus Prime MIF/HEX Update was successful. 0 errors, 13 warnings
    Info: Peak virtual memory: 595 megabytes
    Info: Processing ended: Thu Dec 07 10:09:43 2017
    Info: Elapsed time: 00:00:05
    Info: Total CPU time (on all processors): 00:00:05


